<?xml version="1.0" encoding="UTF-8"?>
<testsuite name="view.CheckBoxListItemTest" tests="5" skipped="0" failures="0" errors="0" timestamp="2025-04-15T01:55:49" hostname="-s-MacBook-Pro.local" time="0.008">
  <properties/>
  <testcase name="setSelected_true()" classname="view.CheckBoxListItemTest" time="0.001"/>
  <testcase name="isSelected_initialState()" classname="view.CheckBoxListItemTest" time="0.001"/>
  <testcase name="getPokemon()" classname="view.CheckBoxListItemTest" time="0.001"/>
  <testcase name="setSelected_false()" classname="view.CheckBoxListItemTest" time="0.001"/>
  <testcase name="setSelected_multipleChanges()" classname="view.CheckBoxListItemTest" time="0.001"/>
  <system-out><![CDATA[]]></system-out>
  <system-err><![CDATA[]]></system-err>
</testsuite>
