<?xml version="1.0" encoding="UTF-8"?>
<testsuite name="view.MainPokemonFrameTest" tests="10" skipped="0" failures="0" errors="0" timestamp="2025-04-15T01:55:50" hostname="-s-MacBook-Pro.local" time="3.561">
  <properties/>
  <testcase name="testUpdatePokemonList()" classname="view.MainPokemonFrameTest" time="2.832"/>
  <testcase name="testLogoLoadingFailure()" classname="view.MainPokemonFrameTest" time="0.128"/>
  <testcase name="testCreateStyledTitle()" classname="view.MainPokemonFrameTest" time="0.115"/>
  <testcase name="testUpdatePokemonListWithEmptyList()" classname="view.MainPokemonFrameTest" time="0.073"/>
  <testcase name="testInitComponentsLogoBranches()" classname="view.MainPokemonFrameTest" time="0.153"/>
  <testcase name="testPokemonSelectionListener()" classname="view.MainPokemonFrameTest" time="0.116"/>
  <testcase name="testShowPokemonDetails()" classname="view.MainPokemonFrameTest" time="0.06"/>
  <testcase name="testInitialization()" classname="view.MainPokemonFrameTest" time="0.025"/>
  <testcase name="testShowPokemonDetailsWithNull()" classname="view.MainPokemonFrameTest" time="0.028"/>
  <testcase name="testUpdatePokemonListWithNull()" classname="view.MainPokemonFrameTest" time="0.025"/>
  <system-out><![CDATA[Pokemon list updated with 2 Pokemon.
Pokemon list updated with 0 Pokemon.
Cannot show details for null Pokemon
Showing details for Pokemon: bulbasaur
Showing details for Pokemon: bulbasaur
Cannot show details for null Pokemon
]]></system-out>
  <system-err><![CDATA[]]></system-err>
</testsuite>
