<?xml version="1.0" encoding="UTF-8"?>
<testsuite name="view.PokemonCheckBoxListRendererTest" tests="6" skipped="0" failures="0" errors="0" timestamp="2025-04-15T01:55:53" hostname="-s-MacBook-Pro.local" time="0.435">
  <properties/>
  <testcase name="testGetListCellRendererComponent_Selected()" classname="view.PokemonCheckBoxListRendererTest" time="0.419"/>
  <testcase name="testGetListCellRendererComponent_ItemSelected()" classname="view.PokemonCheckBoxListRendererTest" time="0.003"/>
  <testcase name="testGetListCellRendererComponent_NotSelected()" classname="view.PokemonCheckBoxListRendererTest" time="0.003"/>
  <testcase name="testGetListCellRendererComponent_DifferentTypes()" classname="view.PokemonCheckBoxListRendererTest" time="0.002"/>
  <testcase name="testGetTypeColor()" classname="view.PokemonCheckBoxListRendererTest" time="0.002"/>
  <testcase name="testRendererInitialization()" classname="view.PokemonCheckBoxListRendererTest" time="0.002"/>
  <system-out><![CDATA[]]></system-out>
  <system-err><![CDATA[]]></system-err>
</testsuite>
